\BOOKMARK [1][-]{section.1}{\376\377\000I\000N\000T\000R\000O\000D\000U\000C\000T\000I\000O\000N}{}% 1
\BOOKMARK [1][-]{section.2}{\376\377\000s\000e\000c\000:\000r\000e\000l\000a\000t\000e\000d\000w\000o\000r\000k}{}% 2
\BOOKMARK [2][-]{subsection.2.1}{\376\377\000P\000o\000i\000n\000t\000\040\000C\000l\000o\000u\000d\000\040\000N\000o\000r\000m\000a\000l\000\040\000E\000s\000t\000i\000m\000a\000t\000i\000o\000n}{section.2}% 3
\BOOKMARK [2][-]{subsection.2.2}{\376\377\000P\000o\000i\000n\000t\000s\000\040\000D\000i\000s\000t\000r\000i\000b\000u\000t\000i\000o\000n\000\040\000E\000s\000t\000i\000m\000a\000t\000i\000o\000n}{section.2}% 4
\BOOKMARK [2][-]{subsection.2.3}{\376\377\000L\000i\000D\000A\000R\000\050\000-\000I\000n\000e\000r\000t\000i\000a\000l\000\051\000\040\000O\000d\000o\000m\000e\000t\000r\000y}{section.2}% 5
\BOOKMARK [1][-]{section.3}{\376\377\000P\000R\000E\000L\000I\000M\000I\000N\000A\000R\000Y}{}% 6
\BOOKMARK [2][-]{subsection.3.1}{\376\377\000N\000o\000t\000a\000t\000i\000o\000n}{section.3}% 7
\BOOKMARK [2][-]{subsection.3.2}{\376\377\000L\000i\000D\000A\000R\000\040\000O\000b\000s\000e\000r\000v\000a\000t\000i\000o\000n\000\040\000M\000o\000d\000e\000l}{section.3}% 8
\BOOKMARK [2][-]{subsection.3.3}{\376\377\000L\000e\000a\000s\000t\000\040\000S\000q\000u\000a\000r\000e\000s\000\040\000N\000o\000r\000m\000a\000l\000\040\000E\000s\000t\000i\000m\000a\000t\000i\000o\000n}{section.3}% 9
\BOOKMARK [2][-]{subsection.3.4}{\376\377\000S\000u\000r\000f\000e\000l}{section.3}% 10
\BOOKMARK [1][-]{section.4}{\376\377\000S\000y\000s\000t\000e\000m\000\040\000O\000v\000e\000r\000v\000i\000e\000w}{}% 11
\BOOKMARK [1][-]{section.5}{\376\377\000R\000i\000n\000g\000\040\000F\000A\000L\000S\000\040\000N\000o\000r\000m\000a\000l\000\040\000E\000s\000t\000i\000m\000a\000t\000o\000r}{}% 12
\BOOKMARK [1][-]{section.6}{\376\377\000P\000o\000i\000n\000t\000s\000\040\000D\000i\000s\000t\000r\000i\000b\000u\000t\000i\000o\000n\000\040\000E\000s\000t\000i\000m\000a\000t\000i\000o\000n}{}% 13
\BOOKMARK [1][-]{section.7}{\376\377\000S\000y\000s\000t\000e\000m\000\040\000D\000e\000s\000c\000r\000i\000p\000t\000i\000o\000n}{}% 14
\BOOKMARK [2][-]{subsection.7.1}{\376\377\000D\000a\000t\000a\000\040\000P\000r\000e\000-\000p\000r\000o\000c\000e\000s\000s\000i\000n\000g}{section.7}% 15
\BOOKMARK [2][-]{subsection.7.2}{\376\377\000D\000a\000t\000a\000\040\000A\000s\000s\000o\000c\000i\000a\000t\000i\000o\000n}{section.7}% 16
\BOOKMARK [3][-]{subsubsection.7.2.1}{\376\377\000V\000i\000s\000i\000b\000i\000l\000i\000t\000y\000\040\000a\000n\000d\000\040\000C\000o\000n\000s\000i\000s\000t\000e\000n\000c\000y\000\040\000C\000h\000e\000c\000k\000s}{subsection.7.2}% 17
\BOOKMARK [3][-]{subsubsection.7.2.2}{\376\377\000H\000i\000e\000r\000a\000r\000c\000h\000i\000c\000a\000l\000\040\000A\000s\000s\000o\000c\000i\000a\000t\000i\000o\000n}{subsection.7.2}% 18
\BOOKMARK [2][-]{subsection.7.3}{\376\377\000P\000o\000s\000e\000\040\000o\000p\000t\000i\000m\000i\000z\000a\000t\000i\000o\000n}{section.7}% 19
\BOOKMARK [2][-]{subsection.7.4}{\376\377\000M\000a\000p\000\040\000M\000a\000n\000a\000g\000e\000m\000e\000n\000t}{section.7}% 20
\BOOKMARK [1][-]{section.8}{\376\377\000E\000X\000P\000E\000R\000I\000M\000E\000N\000T\000A\000L\000\040\000R\000E\000S\000U\000L\000T\000S}{}% 21
\BOOKMARK [2][-]{subsection.8.1}{\376\377\000I\000m\000p\000l\000e\000m\000e\000n\000t\000a\000t\000i\000o\000n}{section.8}% 22
\BOOKMARK [2][-]{subsection.8.2}{\376\377\000E\000x\000p\000e\000r\000i\000m\000e\000n\000t\000a\000l\000\040\000D\000e\000s\000i\000g\000n}{section.8}% 23
\BOOKMARK [2][-]{subsection.8.3}{\376\377\000R\000i\000n\000g\000\040\000F\000A\000L\000S\000\040\000N\000o\000r\000m\000a\000l\000\040\000E\000s\000t\000i\000m\000a\000t\000i\000o\000n}{section.8}% 24
\BOOKMARK [2][-]{subsection.8.4}{\376\377\000O\000d\000o\000m\000e\000t\000r\000y\000\040\000A\000c\000c\000u\000r\000a\000c\000y\000\040\000E\000v\000a\000l\000u\000a\000t\000i\000o\000n}{section.8}% 25
\BOOKMARK [3][-]{subsubsection.8.4.1}{\376\377\000M\0002\000D\000G\000R\000\040\000D\000a\000t\000a\000s\000e\000t\000s}{subsection.8.4}% 26
\BOOKMARK [3][-]{subsubsection.8.4.2}{\376\377\000N\000T\000U\000\040\000V\000I\000R\000A\000L\000\040\000D\000a\000t\000a\000s\000e\000t\000s}{subsection.8.4}% 27
\BOOKMARK [3][-]{table.4}{\376\377\000P\000r\000o\000c\000e\000s\000s\000i\000n\000g\000\040\000T\000i\000m\000e\000\040\000E\000v\000a\000l\000u\000a\000t\000i\000o\000n}{subsection.8.4}% 28
\BOOKMARK [1][-]{section.9}{\376\377\000C\000O\000N\000C\000L\000U\000S\000I\000O\000N\000\040\000A\000N\000D\000\040\000F\000U\000T\000U\000R\000E\000\040\000W\000O\000R\000K}{}% 29
\BOOKMARK [1][-]{section*.1}{\376\377\000R\000e\000f\000e\000r\000e\000n\000c\000e\000s}{}% 30
